2025-07-02 23:25:18,811 - __main__ - ERROR - Import error: No module named 'core.base'
2025-07-02 23:27:27,685 - __main__ - INFO - Starting Converter Pro v2.0
2025-07-02 23:27:28,690 - __main__ - ERROR - Import error: No module named 'core.base'
2025-07-02 23:34:03,183 - __main__ - INFO - Starting Converter Pro v2.0
2025-07-02 23:34:04,008 - __main__ - INFO - Creating main window...
2025-07-02 23:34:10,300 - __main__ - ERROR - Critical error during startup: 'ProgressWidget' object has no attribute 'start_time'
Traceback (most recent call last):
  File "E:\PythonProjects\PMS-tools\main.py", line 275, in main
    main_window = MainWindow()
  File "E:\PythonProjects\PMS-tools\gui\windows\main_window.py", line 24, in __init__
    self.setup_ui()
    ~~~~~~~~~~~~~^^
  File "E:\PythonProjects\PMS-tools\gui\windows\main_window.py", line 64, in setup_ui
    right_panel = self.create_right_panel()
  File "E:\PythonProjects\PMS-tools\gui\windows\main_window.py", line 207, in create_right_panel
    self.progress_widget = ProgressWidget()
                           ~~~~~~~~~~~~~~^^
  File "E:\PythonProjects\PMS-tools\gui\widgets\progress_widget.py", line 18, in __init__
    self.reset()
    ~~~~~~~~~~^^
  File "E:\PythonProjects\PMS-tools\gui\widgets\progress_widget.py", line 200, in reset
    self.update_stats()
    ~~~~~~~~~~~~~~~~~^^
  File "E:\PythonProjects\PMS-tools\gui\widgets\progress_widget.py", line 315, in update_stats
    if self.start_time and self.processed_files > 0:
       ^^^^^^^^^^^^^^^
AttributeError: 'ProgressWidget' object has no attribute 'start_time'. Did you mean: 'startTimer'?
2025-07-02 23:37:02,575 - __main__ - INFO - Starting Converter Pro v2.0
2025-07-02 23:37:03,427 - __main__ - INFO - Creating main window...
2025-07-02 23:37:04,421 - __main__ - ERROR - Critical error during startup: name 'panel' is not defined
Traceback (most recent call last):
  File "E:\PythonProjects\PMS-tools\main.py", line 275, in main
    main_window = MainWindow()
  File "E:\PythonProjects\PMS-tools\gui\windows\main_window.py", line 24, in __init__
    self.setup_ui()
    ~~~~~~~~~~~~~^^
  File "E:\PythonProjects\PMS-tools\gui\windows\main_window.py", line 64, in setup_ui
    right_panel = self.create_right_panel()
  File "E:\PythonProjects\PMS-tools\gui\windows\main_window.py", line 207, in create_right_panel
    self.progress_widget = ProgressWidget()
                           ~~~~~~~~~~~~~~^^
  File "E:\PythonProjects\PMS-tools\gui\widgets\progress_widget.py", line 17, in __init__
    self.setup_ui()
    ~~~~~~~~~~~~~^^
  File "E:\PythonProjects\PMS-tools\gui\widgets\progress_widget.py", line 143, in setup_ui
    return panel
           ^^^^^
NameError: name 'panel' is not defined
2025-07-02 23:38:17,678 - __main__ - INFO - Starting Converter Pro v2.0
2025-07-02 23:38:18,662 - __main__ - INFO - Creating main window...
2025-07-02 23:38:18,837 - __main__ - ERROR - Critical error during startup: name 'ConversionResult' is not defined
Traceback (most recent call last):
  File "E:\PythonProjects\PMS-tools\main.py", line 275, in main
    main_window = MainWindow()
  File "E:\PythonProjects\PMS-tools\gui\windows\main_window.py", line 26, in __init__
    self.setup_worker()
    ~~~~~~~~~~~~~~~~~^^
  File "E:\PythonProjects\PMS-tools\gui\windows\main_window.py", line 301, in setup_worker
    from workers.conversion_worker import BatchConversionWorker
  File "E:\PythonProjects\PMS-tools\workers\conversion_worker.py", line 11, in <module>
    class ConversionWorker(QObject):
    ...<136 lines>...
            self.progress_changed.emit(self.current_progress, self.current_message)
  File "E:\PythonProjects\PMS-tools\workers\conversion_worker.py", line 16, in ConversionWorker
    file_completed = Signal(Path, ConversionResult)  # filepath, result
                                  ^^^^^^^^^^^^^^^^
NameError: name 'ConversionResult' is not defined
2025-07-02 23:41:35,356 - __main__ - INFO - Starting Converter Pro v2.0
2025-07-02 23:41:35,880 - __main__ - INFO - Creating main window...
2025-07-02 23:41:36,010 - __main__ - ERROR - Critical error during startup: unterminated triple-quoted string literal (detected at line 258) (conversion_worker.py, line 257)
Traceback (most recent call last):
  File "E:\PythonProjects\PMS-tools\main.py", line 92, in main
    main_window = MainWindow()
  File "E:\PythonProjects\PMS-tools\gui\windows\main_window.py", line 26, in __init__
    self.setup_worker()
    ~~~~~~~~~~~~~~~~~^^
  File "E:\PythonProjects\PMS-tools\gui\windows\main_window.py", line 301, in setup_worker
    from workers.conversion_worker import BatchConversionWorker
  File "E:\PythonProjects\PMS-tools\workers\conversion_worker.py", line 257
    """
    ^
SyntaxError: unterminated triple-quoted string literal (detected at line 258)
2025-07-02 23:43:42,622 - __main__ - INFO - Starting Converter Pro v2.0
2025-07-02 23:43:43,223 - __main__ - INFO - Creating main window...
2025-07-02 23:43:43,380 - workers.conversion_worker - INFO - SDLTM converter loaded
2025-07-02 23:43:43,381 - gui.windows.main_window - INFO - Main window initialized
2025-07-02 23:43:43,495 - __main__ - INFO - Application started successfully
2025-07-02 23:44:32,446 - workers.conversion_worker - INFO - Starting conversion of 1 files
2025-07-02 23:44:32,451 - core.converters.sdltm - ERROR - Error converting C:\Users\Slipfaith\Desktop\през\Новая папка\PD_Tacticool-en-de — копия.sdltm
Traceback (most recent call last):
  File "E:\PythonProjects\PMS-tools\core\converters\sdltm.py", line 83, in convert
    for src_text, tgt_text, src_lang, tgt_lang in self.convert_streaming(filepath, options):
                                                  ~~~~~~~~~~~~~~~~~~~~~~^^^^^^^^^^^^^^^^^^^
  File "E:\PythonProjects\PMS-tools\core\converters\sdltm.py", line 158, in convert_streaming
    if self._should_stop(options):
       ~~~~~~~~~~~~~~~~~^^^^^^^^^
  File "E:\PythonProjects\PMS-tools\core\base.py", line 65, in _should_stop
    return options.should_stop_callback and options.should_stop_callback()
                                            ~~~~~~~~~~~~~~~~~~~~~~~~~~~~^^
TypeError: ConversionWorker.convert_files.<locals>.<lambda>() takes 0 positional arguments but 1 was given
2025-07-02 23:44:32,455 - workers.conversion_worker - ERROR - Failed to convert C:\Users\Slipfaith\Desktop\през\Новая папка\PD_Tacticool-en-de — копия.sdltm: ['ConversionWorker.convert_files.<locals>.<lambda>() takes 0 positional arguments but 1 was given']
2025-07-02 23:44:32,456 - workers.conversion_worker - INFO - Conversion batch completed: 0/1 successful
2025-07-02 23:44:54,185 - workers.conversion_worker - INFO - Conversion stop requested
2025-07-02 23:44:59,914 - gui.windows.main_window - INFO - Main window closed
2025-07-02 23:44:59,925 - __main__ - INFO - Application finished with exit code: 0
2025-07-02 23:46:29,880 - __main__ - INFO - Starting Converter Pro v2.0
2025-07-02 23:46:30,521 - __main__ - INFO - Creating main window...
2025-07-02 23:46:30,678 - workers.conversion_worker - INFO - SDLTM converter loaded
2025-07-02 23:46:30,681 - gui.windows.main_window - INFO - Main window initialized
2025-07-02 23:46:30,795 - __main__ - INFO - Application started successfully
2025-07-02 23:46:45,465 - gui.windows.main_window - INFO - Main window closed
2025-07-02 23:46:45,477 - __main__ - INFO - Application finished with exit code: 0
2025-07-02 23:48:56,075 - __main__ - INFO - Starting Converter Pro v2.0
2025-07-02 23:48:56,723 - __main__ - INFO - Creating main window...
2025-07-02 23:48:56,886 - workers.conversion_worker - INFO - SDLTM converter loaded
2025-07-02 23:48:56,887 - gui.windows.main_window - INFO - Main window initialized
2025-07-02 23:48:57,018 - __main__ - INFO - Application started successfully
2025-07-02 23:49:19,399 - gui.windows.main_window - INFO - Main window closed
2025-07-02 23:49:19,410 - __main__ - INFO - Application finished with exit code: 0
2025-07-03 09:33:45,047 - __main__ - INFO - Starting Converter Pro v2.0
2025-07-03 09:33:45,723 - __main__ - INFO - Creating main window...
2025-07-03 09:33:49,592 - workers.conversion_worker - INFO - SDLTM converter loaded
2025-07-03 09:33:49,595 - gui.windows.main_window - INFO - Main window initialized
2025-07-03 09:33:49,883 - __main__ - INFO - Main window created and shown
2025-07-03 09:33:49,883 - __main__ - INFO - Application started successfully
2025-07-03 09:34:08,715 - workers.conversion_worker - INFO - Starting conversion of 1 files
2025-07-03 09:34:08,738 - core.converters.sdltm - INFO - Auto-detected source language: en-us
2025-07-03 09:34:08,738 - core.converters.sdltm - INFO - Auto-detected target language: de-de
2025-07-03 09:34:10,997 - core.converters.sdltm - INFO - Using languages: en-us -> de-de
2025-07-03 09:34:11,350 - core.converters.sdltm - INFO - TMX created: C:\Users\Slipfaith\Desktop\през\Новая папка\PD_Tacticool-en-de — копия.tmx
2025-07-03 09:34:11,353 - workers.conversion_worker - INFO - Successfully converted C:\Users\Slipfaith\Desktop\през\Новая папка\PD_Tacticool-en-de — копия.sdltm
2025-07-03 09:34:11,354 - workers.conversion_worker - INFO - Conversion batch completed: 1/1 successful
2025-07-03 09:35:09,629 - gui.windows.main_window - INFO - Main window closed
2025-07-03 09:35:09,641 - __main__ - INFO - Application finished with exit code: 0
2025-07-03 09:35:36,066 - __main__ - INFO - Starting Converter Pro v2.0
2025-07-03 09:35:36,809 - __main__ - INFO - Creating main window...
2025-07-03 09:35:37,807 - workers.conversion_worker - INFO - SDLTM converter loaded
2025-07-03 09:35:37,808 - gui.windows.main_window - INFO - Main window initialized
2025-07-03 09:35:38,044 - __main__ - INFO - Main window created and shown
2025-07-03 09:35:38,045 - __main__ - INFO - Application started successfully
2025-07-03 09:40:12,621 - workers.conversion_worker - INFO - Starting conversion of 1 files
2025-07-03 09:40:12,634 - core.converters.sdltm - INFO - Auto-detected source language: en-us
2025-07-03 09:40:12,634 - core.converters.sdltm - INFO - Auto-detected target language: de-de
2025-07-03 09:40:14,362 - core.converters.sdltm - INFO - Using languages: en-us -> de-de
2025-07-03 09:40:14,636 - core.converters.sdltm - INFO - TMX created: C:\Users\Slipfaith\Desktop\през\Новая папка\PD_Tacticool-en-de — копия.tmx
2025-07-03 09:40:15,330 - core.converters.sdltm - INFO - XLSX created: C:\Users\Slipfaith\Desktop\през\Новая папка\PD_Tacticool-en-de — копия.xlsx
2025-07-03 09:40:15,333 - workers.conversion_worker - INFO - Successfully converted C:\Users\Slipfaith\Desktop\през\Новая папка\PD_Tacticool-en-de — копия.sdltm
2025-07-03 09:40:15,335 - workers.conversion_worker - INFO - Conversion batch completed: 1/1 successful
2025-07-03 09:41:19,864 - workers.conversion_worker - INFO - Starting conversion of 2 files
2025-07-03 09:41:19,875 - core.converters.sdltm - INFO - Auto-detected source language: en-us
2025-07-03 09:41:19,875 - core.converters.sdltm - INFO - Auto-detected target language: de-de
2025-07-03 09:41:21,654 - core.converters.sdltm - INFO - Using languages: en-us -> de-de
2025-07-03 09:41:21,943 - core.converters.sdltm - INFO - TMX created: C:\Users\Slipfaith\Desktop\през\Новая папка\PD_Tacticool-en-de — копия.tmx
2025-07-03 09:41:22,646 - core.converters.sdltm - INFO - XLSX created: C:\Users\Slipfaith\Desktop\през\Новая папка\PD_Tacticool-en-de — копия.xlsx
2025-07-03 09:41:22,649 - workers.conversion_worker - INFO - Successfully converted C:\Users\Slipfaith\Desktop\през\Новая папка\PD_Tacticool-en-de — копия.sdltm
2025-07-03 09:41:22,661 - core.converters.sdltm - INFO - Auto-detected source language: en-us
2025-07-03 09:41:22,661 - core.converters.sdltm - INFO - Auto-detected target language: de-de
2025-07-03 09:41:24,476 - core.converters.sdltm - INFO - Using languages: en-us -> de-de
2025-07-03 09:41:24,755 - core.converters.sdltm - INFO - TMX created: C:\Users\Slipfaith\Desktop\през\Новая папка\PD_Tacticool-en-de.tmx
2025-07-03 09:41:25,448 - core.converters.sdltm - INFO - XLSX created: C:\Users\Slipfaith\Desktop\през\Новая папка\PD_Tacticool-en-de.xlsx
2025-07-03 09:41:25,451 - workers.conversion_worker - INFO - Successfully converted C:\Users\Slipfaith\Desktop\през\Новая папка\PD_Tacticool-en-de.sdltm
2025-07-03 09:41:25,451 - workers.conversion_worker - INFO - Conversion batch completed: 2/2 successful
2025-07-03 09:44:04,354 - gui.windows.main_window - INFO - Main window closed
2025-07-03 09:44:04,369 - __main__ - INFO - Application finished with exit code: 0
2025-07-03 09:48:56,049 - __main__ - INFO - Starting Converter Pro v2.0
2025-07-03 09:48:56,897 - __main__ - INFO - Creating main window...
2025-07-03 09:48:56,991 - __main__ - ERROR - Critical error during startup: name 'QComboBox' is not defined
Traceback (most recent call last):
  File "E:\PythonProjects\PMS-tools\main.py", line 92, in main
    main_window = MainWindow()
  File "E:\PythonProjects\PMS-tools\gui\windows\main_window.py", line 23, in __init__
    self.setup_ui()
    ~~~~~~~~~~~~~^^
  File "E:\PythonProjects\PMS-tools\gui\windows\main_window.py", line 59, in setup_ui
    left_panel = self.create_left_panel()
  File "E:\PythonProjects\PMS-tools\gui\windows\main_window.py", line 143, in create_left_panel
    settings_group = self.create_settings_group()
  File "E:\PythonProjects\PMS-tools\gui\windows\main_window.py", line 273, in create_settings_group
    self.src_lang_combo = QComboBox()
                          ^^^^^^^^^
NameError: name 'QComboBox' is not defined
2025-07-03 09:50:35,699 - __main__ - INFO - Starting Converter Pro v2.0
2025-07-03 09:50:36,351 - __main__ - INFO - Creating main window...
2025-07-03 09:50:36,395 - __main__ - ERROR - Critical error during startup: name 'QComboBox' is not defined
Traceback (most recent call last):
  File "E:\PythonProjects\PMS-tools\main.py", line 92, in main
    main_window = MainWindow()
  File "E:\PythonProjects\PMS-tools\gui\windows\main_window.py", line 22, in __init__
    self.setup_ui()
    ~~~~~~~~~~~~~^^
  File "E:\PythonProjects\PMS-tools\gui\windows\main_window.py", line 58, in setup_ui
    left_panel = self.create_left_panel()
  File "E:\PythonProjects\PMS-tools\gui\windows\main_window.py", line 142, in create_left_panel
    settings_group = self.create_settings_group()
  File "E:\PythonProjects\PMS-tools\gui\windows\main_window.py", line 272, in create_settings_group
    self.src_lang_combo = QComboBox()
                          ^^^^^^^^^
NameError: name 'QComboBox' is not defined
2025-07-03 11:01:29,540 - __main__ - INFO - Starting Converter Pro v2.0
2025-07-03 11:01:29,990 - __main__ - INFO - Creating main window...
2025-07-03 11:01:31,461 - __main__ - ERROR - Critical error during startup: expected an indented block after function definition on line 306 (sdltm.py, line 308)
Traceback (most recent call last):
  File "E:\PythonProjects\PMS-tools\main.py", line 92, in main
    main_window = MainWindow()
  File "E:\PythonProjects\PMS-tools\gui\windows\main_window.py", line 25, in __init__
    self.setup_worker()
    ~~~~~~~~~~~~~~~~~^^
  File "E:\PythonProjects\PMS-tools\gui\windows\main_window.py", line 304, in setup_worker
    self.worker = BatchConversionWorker()
                  ~~~~~~~~~~~~~~~~~~~~~^^
  File "E:\PythonProjects\PMS-tools\workers\conversion_worker.py", line 163, in __init__
    self.conversion_worker = ConversionWorker()
                             ~~~~~~~~~~~~~~~~^^
  File "E:\PythonProjects\PMS-tools\workers\conversion_worker.py", line 24, in __init__
    self._init_converters()
    ~~~~~~~~~~~~~~~~~~~~~^^
  File "E:\PythonProjects\PMS-tools\workers\conversion_worker.py", line 35, in _init_converters
    from core.converters.sdltm import SdltmConverter
  File "E:\PythonProjects\PMS-tools\core\converters\sdltm.py", line 308
    def _parse_segment_xml(self, xml_segment: str) -> Tuple[str, str]:
    ^^^
IndentationError: expected an indented block after function definition on line 306
2025-07-03 11:05:47,655 - __main__ - INFO - Starting Converter Pro v2.0
2025-07-03 11:05:48,181 - __main__ - INFO - Creating main window...
2025-07-03 11:05:48,776 - __main__ - ERROR - Critical error during startup: expected an indented block after function definition on line 384 (sdltm.py, line 386)
Traceback (most recent call last):
  File "E:\PythonProjects\PMS-tools\main.py", line 92, in main
    main_window = MainWindow()
  File "E:\PythonProjects\PMS-tools\gui\windows\main_window.py", line 25, in __init__
    self.setup_worker()
    ~~~~~~~~~~~~~~~~~^^
  File "E:\PythonProjects\PMS-tools\gui\windows\main_window.py", line 304, in setup_worker
    self.worker = BatchConversionWorker()
                  ~~~~~~~~~~~~~~~~~~~~~^^
  File "E:\PythonProjects\PMS-tools\workers\conversion_worker.py", line 163, in __init__
    self.conversion_worker = ConversionWorker()
                             ~~~~~~~~~~~~~~~~^^
  File "E:\PythonProjects\PMS-tools\workers\conversion_worker.py", line 24, in __init__
    self._init_converters()
    ~~~~~~~~~~~~~~~~~~~~~^^
  File "E:\PythonProjects\PMS-tools\workers\conversion_worker.py", line 35, in _init_converters
    from core.converters.sdltm import SdltmConverter
  File "E:\PythonProjects\PMS-tools\core\converters\sdltm.py", line 386
    def _parse_segment_xml(self, xml_segment: str) -> Tuple[str, str]:
    ^^^
IndentationError: expected an indented block after function definition on line 384
